2026-07-16T06:27:57.859Z\nTypeError: fetch failed
    at node:internal/deps/undici/undici:15422:13
    at process.processTicksAndRejections (node:internal/process/task_queues:105:5)
    at async ResumeService.processResumes (C:\Users\LENOVO\OneDrive\Documents\KRMU\NIKUNJ\Bootcamp2026\HireLoop-Ai\backend\src\services\resume.service.ts:50:22)
    at async uploadResumes (C:\Users\LENOVO\OneDrive\Documents\KRMU\NIKUNJ\Bootcamp2026\HireLoop-Ai\backend\src\controllers\resume.controller.ts:23:22)\n\n2026-07-17T07:13:42.952Z\nTypeError: fetch failed
    at node:internal/deps/undici/undici:15422:13
    at process.processTicksAndRejections (node:internal/process/task_queues:105:5)
    at async ResumeService.processResumes (C:\Users\LENOVO\OneDrive\Documents\KRMU\NIKUNJ\Bootcamp2026\HireLoop-Ai\backend\src\services\resume.service.ts:59:22)
    at async uploadResumes (C:\Users\LENOVO\OneDrive\Documents\KRMU\NIKUNJ\Bootcamp2026\HireLoop-Ai\backend\src\controllers\resume.controller.ts:23:22)\n\n2026-07-17T07:18:51.250Z\nTypeError: fetch failed
    at node:internal/deps/undici/undici:15422:13
    at process.processTicksAndRejections (node:internal/process/task_queues:105:5)
    at async ResumeService.processResumes (C:\Users\LENOVO\OneDrive\Documents\KRMU\NIKUNJ\Bootcamp2026\HireLoop-Ai\backend\src\services\resume.service.ts:59:22)
    at async uploadResumes (C:\Users\LENOVO\OneDrive\Documents\KRMU\NIKUNJ\Bootcamp2026\HireLoop-Ai\backend\src\controllers\resume.controller.ts:23:22)\n\n2026-07-17T19:19:40.364Z\nTypeError: this.emailService.sendPasswordReset is not a function
    at AuthService.forgotPassword (C:\Users\LENOVO\OneDrive\Documents\KRMU\NIKUNJ\Bootcamp2026\HireLoop-Ai\backend\src\services\auth.service.ts:121:29)
    at async forgotPassword (C:\Users\LENOVO\OneDrive\Documents\KRMU\NIKUNJ\Bootcamp2026\HireLoop-Ai\backend\src\controllers\auth.controller.ts:40:22)\n\n2026-07-17T19:44:14.804Z\nTypeError: fetch failed
    at node:internal/deps/undici/undici:15422:13
    at process.processTicksAndRejections (node:internal/process/task_queues:105:5)
    at async ResumeService.processResumes (C:\Users\LENOVO\OneDrive\Documents\KRMU\NIKUNJ\Bootcamp2026\HireLoop-Ai\backend\src\services\resume.service.ts:59:22)
    at async uploadResumes (C:\Users\LENOVO\OneDrive\Documents\KRMU\NIKUNJ\Bootcamp2026\HireLoop-Ai\backend\src\controllers\resume.controller.ts:23:22)\n\n2026-07-17T19:45:20.262Z\nTypeError: fetch failed
    at node:internal/deps/undici/undici:15422:13
    at process.processTicksAndRejections (node:internal/process/task_queues:105:5)
    at async ResumeService.processResumes (C:\Users\LENOVO\OneDrive\Documents\KRMU\NIKUNJ\Bootcamp2026\HireLoop-Ai\backend\src\services\resume.service.ts:59:22)
    at async uploadResumes (C:\Users\LENOVO\OneDrive\Documents\KRMU\NIKUNJ\Bootcamp2026\HireLoop-Ai\backend\src\controllers\resume.controller.ts:23:22)\n\n2026-07-17T19:48:49.571Z\nTypeError: fetch failed
    at node:internal/deps/undici/undici:15422:13
    at process.processTicksAndRejections (node:internal/process/task_queues:105:5)
    at async ResumeService.processResumes (C:\Users\LENOVO\OneDrive\Documents\KRMU\NIKUNJ\Bootcamp2026\HireLoop-Ai\backend\src\services\resume.service.ts:59:22)
    at async uploadResumes (C:\Users\LENOVO\OneDrive\Documents\KRMU\NIKUNJ\Bootcamp2026\HireLoop-Ai\backend\src\controllers\resume.controller.ts:23:22)\n\n2026-07-17T19:49:06.374Z\nTypeError: fetch failed
    at node:internal/deps/undici/undici:15422:13
    at process.processTicksAndRejections (node:internal/process/task_queues:105:5)
    at async ResumeService.processResumes (C:\Users\LENOVO\OneDrive\Documents\KRMU\NIKUNJ\Bootcamp2026\HireLoop-Ai\backend\src\services\resume.service.ts:59:22)
    at async uploadResumes (C:\Users\LENOVO\OneDrive\Documents\KRMU\NIKUNJ\Bootcamp2026\HireLoop-Ai\backend\src\controllers\resume.controller.ts:23:22)\n\n2026-07-17T19:51:40.878Z\nTypeError: fetch failed
    at node:internal/deps/undici/undici:15422:13
    at process.processTicksAndRejections (node:internal/process/task_queues:105:5)
    at async ResumeService.processResumes (C:\Users\LENOVO\OneDrive\Documents\KRMU\NIKUNJ\Bootcamp2026\HireLoop-Ai\backend\src\services\resume.service.ts:59:22)
    at async uploadResumes (C:\Users\LENOVO\OneDrive\Documents\KRMU\NIKUNJ\Bootcamp2026\HireLoop-Ai\backend\src\controllers\resume.controller.ts:23:22)\n\n2026-07-17T19:51:57.777Z\nTypeError: fetch failed
    at node:internal/deps/undici/undici:15422:13
    at process.processTicksAndRejections (node:internal/process/task_queues:105:5)
    at async ResumeService.processResumes (C:\Users\LENOVO\OneDrive\Documents\KRMU\NIKUNJ\Bootcamp2026\HireLoop-Ai\backend\src\services\resume.service.ts:59:22)
    at async uploadResumes (C:\Users\LENOVO\OneDrive\Documents\KRMU\NIKUNJ\Bootcamp2026\HireLoop-Ai\backend\src\controllers\resume.controller.ts:23:22)\n\n2026-07-17T19:52:24.681Z\nTypeError: fetch failed
    at node:internal/deps/undici/undici:15422:13
    at process.processTicksAndRejections (node:internal/process/task_queues:105:5)
    at async ResumeService.processResumes (C:\Users\LENOVO\OneDrive\Documents\KRMU\NIKUNJ\Bootcamp2026\HireLoop-Ai\backend\src\services\resume.service.ts:59:22)
    at async uploadResumes (C:\Users\LENOVO\OneDrive\Documents\KRMU\NIKUNJ\Bootcamp2026\HireLoop-Ai\backend\src\controllers\resume.controller.ts:23:22)\n\n2026-07-18T18:44:46.895Z\nPrismaClientKnownRequestError: 
Invalid `prisma.candidate.findMany()` invocation in
C:\Users\LENOVO\OneDrive\Documents\KRMU\NIKUNJ\Bootcamp2026\HireLoop-Ai\backend\src\services\candidate.service.ts:19:35

  16 
  17 export class CandidateService {
  18   async getAllCandidates(hrId: string) {
→ 19     return await prisma.candidate.findMany(
The column `Candidate.userId` does not exist in the current database.
    at In.handleRequestError (C:\Users\LENOVO\OneDrive\Documents\KRMU\NIKUNJ\Bootcamp2026\HireLoop-Ai\backend\node_modules\@prisma\client\runtime\library.js:122:6877)
    at In.handleAndLogRequestError (C:\Users\LENOVO\OneDrive\Documents\KRMU\NIKUNJ\Bootcamp2026\HireLoop-Ai\backend\node_modules\@prisma\client\runtime\library.js:122:6211)
    at In.request (C:\Users\LENOVO\OneDrive\Documents\KRMU\NIKUNJ\Bootcamp2026\HireLoop-Ai\backend\node_modules\@prisma\client\runtime\library.js:122:5919)
    at async l (C:\Users\LENOVO\OneDrive\Documents\KRMU\NIKUNJ\Bootcamp2026\HireLoop-Ai\backend\node_modules\@prisma\client\runtime\library.js:127:11167)
    at async CandidateService.getAllCandidates (C:\Users\LENOVO\OneDrive\Documents\KRMU\NIKUNJ\Bootcamp2026\HireLoop-Ai\backend\src\services\candidate.service.ts:19:12)
    at async getAllCandidates (C:\Users\LENOVO\OneDrive\Documents\KRMU\NIKUNJ\Bootcamp2026\HireLoop-Ai\backend\src\controllers\candidate.controller.ts:12:26)\n\n2026-07-18T18:44:47.598Z\nPrismaClientKnownRequestError: 
Invalid `prisma.candidate.findMany()` invocation in
C:\Users\LENOVO\OneDrive\Documents\KRMU\NIKUNJ\Bootcamp2026\HireLoop-Ai\backend\src\services\candidate.service.ts:19:35

  16 
  17 export class CandidateService {
  18   async getAllCandidates(hrId: string) {
→ 19     return await prisma.candidate.findMany(
The column `Candidate.userId` does not exist in the current database.
    at In.handleRequestError (C:\Users\LENOVO\OneDrive\Documents\KRMU\NIKUNJ\Bootcamp2026\HireLoop-Ai\backend\node_modules\@prisma\client\runtime\library.js:122:6877)
    at In.handleAndLogRequestError (C:\Users\LENOVO\OneDrive\Documents\KRMU\NIKUNJ\Bootcamp2026\HireLoop-Ai\backend\node_modules\@prisma\client\runtime\library.js:122:6211)
    at In.request (C:\Users\LENOVO\OneDrive\Documents\KRMU\NIKUNJ\Bootcamp2026\HireLoop-Ai\backend\node_modules\@prisma\client\runtime\library.js:122:5919)
    at async l (C:\Users\LENOVO\OneDrive\Documents\KRMU\NIKUNJ\Bootcamp2026\HireLoop-Ai\backend\node_modules\@prisma\client\runtime\library.js:127:11167)
    at async CandidateService.getAllCandidates (C:\Users\LENOVO\OneDrive\Documents\KRMU\NIKUNJ\Bootcamp2026\HireLoop-Ai\backend\src\services\candidate.service.ts:19:12)
    at async getAllCandidates (C:\Users\LENOVO\OneDrive\Documents\KRMU\NIKUNJ\Bootcamp2026\HireLoop-Ai\backend\src\controllers\candidate.controller.ts:12:26)\n\n2026-07-18T18:45:40.938Z\nPrismaClientKnownRequestError: 
Invalid `prisma.candidate.findMany()` invocation in
C:\Users\LENOVO\OneDrive\Documents\KRMU\NIKUNJ\Bootcamp2026\HireLoop-Ai\backend\src\services\candidate.service.ts:19:35

  16 
  17 export class CandidateService {
  18   async getAllCandidates(hrId: string) {
→ 19     return await prisma.candidate.findMany(
The column `Candidate.userId` does not exist in the current database.
    at In.handleRequestError (C:\Users\LENOVO\OneDrive\Documents\KRMU\NIKUNJ\Bootcamp2026\HireLoop-Ai\backend\node_modules\@prisma\client\runtime\library.js:122:6877)
    at In.handleAndLogRequestError (C:\Users\LENOVO\OneDrive\Documents\KRMU\NIKUNJ\Bootcamp2026\HireLoop-Ai\backend\node_modules\@prisma\client\runtime\library.js:122:6211)
    at In.request (C:\Users\LENOVO\OneDrive\Documents\KRMU\NIKUNJ\Bootcamp2026\HireLoop-Ai\backend\node_modules\@prisma\client\runtime\library.js:122:5919)
    at async l (C:\Users\LENOVO\OneDrive\Documents\KRMU\NIKUNJ\Bootcamp2026\HireLoop-Ai\backend\node_modules\@prisma\client\runtime\library.js:127:11167)
    at async CandidateService.getAllCandidates (C:\Users\LENOVO\OneDrive\Documents\KRMU\NIKUNJ\Bootcamp2026\HireLoop-Ai\backend\src\services\candidate.service.ts:19:12)
    at async getAllCandidates (C:\Users\LENOVO\OneDrive\Documents\KRMU\NIKUNJ\Bootcamp2026\HireLoop-Ai\backend\src\controllers\candidate.controller.ts:12:26)\n\n2026-07-18T18:45:41.644Z\nPrismaClientKnownRequestError: 
Invalid `prisma.candidate.findMany()` invocation in
C:\Users\LENOVO\OneDrive\Documents\KRMU\NIKUNJ\Bootcamp2026\HireLoop-Ai\backend\src\services\candidate.service.ts:19:35

  16 
  17 export class CandidateService {
  18   async getAllCandidates(hrId: string) {
→ 19     return await prisma.candidate.findMany(
The column `Candidate.userId` does not exist in the current database.
    at In.handleRequestError (C:\Users\LENOVO\OneDrive\Documents\KRMU\NIKUNJ\Bootcamp2026\HireLoop-Ai\backend\node_modules\@prisma\client\runtime\library.js:122:6877)
    at In.handleAndLogRequestError (C:\Users\LENOVO\OneDrive\Documents\KRMU\NIKUNJ\Bootcamp2026\HireLoop-Ai\backend\node_modules\@prisma\client\runtime\library.js:122:6211)
    at In.request (C:\Users\LENOVO\OneDrive\Documents\KRMU\NIKUNJ\Bootcamp2026\HireLoop-Ai\backend\node_modules\@prisma\client\runtime\library.js:122:5919)
    at async l (C:\Users\LENOVO\OneDrive\Documents\KRMU\NIKUNJ\Bootcamp2026\HireLoop-Ai\backend\node_modules\@prisma\client\runtime\library.js:127:11167)
    at async CandidateService.getAllCandidates (C:\Users\LENOVO\OneDrive\Documents\KRMU\NIKUNJ\Bootcamp2026\HireLoop-Ai\backend\src\services\candidate.service.ts:19:12)
    at async getAllCandidates (C:\Users\LENOVO\OneDrive\Documents\KRMU\NIKUNJ\Bootcamp2026\HireLoop-Ai\backend\src\controllers\candidate.controller.ts:12:26)\n\n2026-07-18T18:45:46.227Z\nPrismaClientKnownRequestError: 
Invalid `prisma.candidate.findMany()` invocation in
C:\Users\LENOVO\OneDrive\Documents\KRMU\NIKUNJ\Bootcamp2026\HireLoop-Ai\backend\src\services\candidate.service.ts:19:35

  16 
  17 export class CandidateService {
  18   async getAllCandidates(hrId: string) {
→ 19     return await prisma.candidate.findMany(
The column `Candidate.userId` does not exist in the current database.
    at In.handleRequestError (C:\Users\LENOVO\OneDrive\Documents\KRMU\NIKUNJ\Bootcamp2026\HireLoop-Ai\backend\node_modules\@prisma\client\runtime\library.js:122:6877)
    at In.handleAndLogRequestError (C:\Users\LENOVO\OneDrive\Documents\KRMU\NIKUNJ\Bootcamp2026\HireLoop-Ai\backend\node_modules\@prisma\client\runtime\library.js:122:6211)
    at In.request (C:\Users\LENOVO\OneDrive\Documents\KRMU\NIKUNJ\Bootcamp2026\HireLoop-Ai\backend\node_modules\@prisma\client\runtime\library.js:122:5919)
    at async l (C:\Users\LENOVO\OneDrive\Documents\KRMU\NIKUNJ\Bootcamp2026\HireLoop-Ai\backend\node_modules\@prisma\client\runtime\library.js:127:11167)
    at async CandidateService.getAllCandidates (C:\Users\LENOVO\OneDrive\Documents\KRMU\NIKUNJ\Bootcamp2026\HireLoop-Ai\backend\src\services\candidate.service.ts:19:12)
    at async getAllCandidates (C:\Users\LENOVO\OneDrive\Documents\KRMU\NIKUNJ\Bootcamp2026\HireLoop-Ai\backend\src\controllers\candidate.controller.ts:12:26)\n\n2026-07-18T18:45:46.930Z\nPrismaClientKnownRequestError: 
Invalid `prisma.candidate.findMany()` invocation in
C:\Users\LENOVO\OneDrive\Documents\KRMU\NIKUNJ\Bootcamp2026\HireLoop-Ai\backend\src\services\candidate.service.ts:19:35

  16 
  17 export class CandidateService {
  18   async getAllCandidates(hrId: string) {
→ 19     return await prisma.candidate.findMany(
The column `Candidate.userId` does not exist in the current database.
    at In.handleRequestError (C:\Users\LENOVO\OneDrive\Documents\KRMU\NIKUNJ\Bootcamp2026\HireLoop-Ai\backend\node_modules\@prisma\client\runtime\library.js:122:6877)
    at In.handleAndLogRequestError (C:\Users\LENOVO\OneDrive\Documents\KRMU\NIKUNJ\Bootcamp2026\HireLoop-Ai\backend\node_modules\@prisma\client\runtime\library.js:122:6211)
    at In.request (C:\Users\LENOVO\OneDrive\Documents\KRMU\NIKUNJ\Bootcamp2026\HireLoop-Ai\backend\node_modules\@prisma\client\runtime\library.js:122:5919)
    at async l (C:\Users\LENOVO\OneDrive\Documents\KRMU\NIKUNJ\Bootcamp2026\HireLoop-Ai\backend\node_modules\@prisma\client\runtime\library.js:127:11167)
    at async CandidateService.getAllCandidates (C:\Users\LENOVO\OneDrive\Documents\KRMU\NIKUNJ\Bootcamp2026\HireLoop-Ai\backend\src\services\candidate.service.ts:19:12)
    at async getAllCandidates (C:\Users\LENOVO\OneDrive\Documents\KRMU\NIKUNJ\Bootcamp2026\HireLoop-Ai\backend\src\controllers\candidate.controller.ts:12:26)\n\n2026-07-18T18:47:09.636Z\nPrismaClientKnownRequestError: 
Invalid `prisma.candidate.findMany()` invocation in
C:\Users\LENOVO\OneDrive\Documents\KRMU\NIKUNJ\Bootcamp2026\HireLoop-Ai\backend\src\services\candidate.service.ts:19:35

  16 
  17 export class CandidateService {
  18   async getAllCandidates(hrId: string) {
→ 19     return await prisma.candidate.findMany(
The column `Candidate.userId` does not exist in the current database.
    at In.handleRequestError (C:\Users\LENOVO\OneDrive\Documents\KRMU\NIKUNJ\Bootcamp2026\HireLoop-Ai\backend\node_modules\@prisma\client\runtime\library.js:122:6877)
    at In.handleAndLogRequestError (C:\Users\LENOVO\OneDrive\Documents\KRMU\NIKUNJ\Bootcamp2026\HireLoop-Ai\backend\node_modules\@prisma\client\runtime\library.js:122:6211)
    at In.request (C:\Users\LENOVO\OneDrive\Documents\KRMU\NIKUNJ\Bootcamp2026\HireLoop-Ai\backend\node_modules\@prisma\client\runtime\library.js:122:5919)
    at async l (C:\Users\LENOVO\OneDrive\Documents\KRMU\NIKUNJ\Bootcamp2026\HireLoop-Ai\backend\node_modules\@prisma\client\runtime\library.js:127:11167)
    at async CandidateService.getAllCandidates (C:\Users\LENOVO\OneDrive\Documents\KRMU\NIKUNJ\Bootcamp2026\HireLoop-Ai\backend\src\services\candidate.service.ts:19:12)
    at async getAllCandidates (C:\Users\LENOVO\OneDrive\Documents\KRMU\NIKUNJ\Bootcamp2026\HireLoop-Ai\backend\src\controllers\candidate.controller.ts:12:26)\n\n2026-07-18T18:47:10.347Z\nPrismaClientKnownRequestError: 
Invalid `prisma.candidate.findMany()` invocation in
C:\Users\LENOVO\OneDrive\Documents\KRMU\NIKUNJ\Bootcamp2026\HireLoop-Ai\backend\src\services\candidate.service.ts:19:35

  16 
  17 export class CandidateService {
  18   async getAllCandidates(hrId: string) {
→ 19     return await prisma.candidate.findMany(
The column `Candidate.userId` does not exist in the current database.
    at In.handleRequestError (C:\Users\LENOVO\OneDrive\Documents\KRMU\NIKUNJ\Bootcamp2026\HireLoop-Ai\backend\node_modules\@prisma\client\runtime\library.js:122:6877)
    at In.handleAndLogRequestError (C:\Users\LENOVO\OneDrive\Documents\KRMU\NIKUNJ\Bootcamp2026\HireLoop-Ai\backend\node_modules\@prisma\client\runtime\library.js:122:6211)
    at In.request (C:\Users\LENOVO\OneDrive\Documents\KRMU\NIKUNJ\Bootcamp2026\HireLoop-Ai\backend\node_modules\@prisma\client\runtime\library.js:122:5919)
    at async l (C:\Users\LENOVO\OneDrive\Documents\KRMU\NIKUNJ\Bootcamp2026\HireLoop-Ai\backend\node_modules\@prisma\client\runtime\library.js:127:11167)
    at async CandidateService.getAllCandidates (C:\Users\LENOVO\OneDrive\Documents\KRMU\NIKUNJ\Bootcamp2026\HireLoop-Ai\backend\src\services\candidate.service.ts:19:12)
    at async getAllCandidates (C:\Users\LENOVO\OneDrive\Documents\KRMU\NIKUNJ\Bootcamp2026\HireLoop-Ai\backend\src\controllers\candidate.controller.ts:12:26)\n\n2026-07-18T18:53:36.778Z\nPrismaClientKnownRequestError: 
Invalid `prisma.candidate.findMany()` invocation in
C:\Users\LENOVO\OneDrive\Documents\KRMU\NIKUNJ\Bootcamp2026\HireLoop-Ai\backend\src\services\candidate.service.ts:19:35

  16 
  17 export class CandidateService {
  18   async getAllCandidates(hrId: string) {
→ 19     return await prisma.candidate.findMany(
The column `Candidate.userId` does not exist in the current database.
    at In.handleRequestError (C:\Users\LENOVO\OneDrive\Documents\KRMU\NIKUNJ\Bootcamp2026\HireLoop-Ai\backend\node_modules\@prisma\client\runtime\library.js:122:6877)
    at In.handleAndLogRequestError (C:\Users\LENOVO\OneDrive\Documents\KRMU\NIKUNJ\Bootcamp2026\HireLoop-Ai\backend\node_modules\@prisma\client\runtime\library.js:122:6211)
    at In.request (C:\Users\LENOVO\OneDrive\Documents\KRMU\NIKUNJ\Bootcamp2026\HireLoop-Ai\backend\node_modules\@prisma\client\runtime\library.js:122:5919)
    at async l (C:\Users\LENOVO\OneDrive\Documents\KRMU\NIKUNJ\Bootcamp2026\HireLoop-Ai\backend\node_modules\@prisma\client\runtime\library.js:127:11167)
    at async CandidateService.getAllCandidates (C:\Users\LENOVO\OneDrive\Documents\KRMU\NIKUNJ\Bootcamp2026\HireLoop-Ai\backend\src\services\candidate.service.ts:19:12)
    at async getAllCandidates (C:\Users\LENOVO\OneDrive\Documents\KRMU\NIKUNJ\Bootcamp2026\HireLoop-Ai\backend\src\controllers\candidate.controller.ts:12:26)\n\n2026-07-18T18:53:37.461Z\nPrismaClientKnownRequestError: 
Invalid `prisma.candidate.findMany()` invocation in
C:\Users\LENOVO\OneDrive\Documents\KRMU\NIKUNJ\Bootcamp2026\HireLoop-Ai\backend\src\services\candidate.service.ts:19:35

  16 
  17 export class CandidateService {
  18   async getAllCandidates(hrId: string) {
→ 19     return await prisma.candidate.findMany(
The column `Candidate.userId` does not exist in the current database.
    at In.handleRequestError (C:\Users\LENOVO\OneDrive\Documents\KRMU\NIKUNJ\Bootcamp2026\HireLoop-Ai\backend\node_modules\@prisma\client\runtime\library.js:122:6877)
    at In.handleAndLogRequestError (C:\Users\LENOVO\OneDrive\Documents\KRMU\NIKUNJ\Bootcamp2026\HireLoop-Ai\backend\node_modules\@prisma\client\runtime\library.js:122:6211)
    at In.request (C:\Users\LENOVO\OneDrive\Documents\KRMU\NIKUNJ\Bootcamp2026\HireLoop-Ai\backend\node_modules\@prisma\client\runtime\library.js:122:5919)
    at async l (C:\Users\LENOVO\OneDrive\Documents\KRMU\NIKUNJ\Bootcamp2026\HireLoop-Ai\backend\node_modules\@prisma\client\runtime\library.js:127:11167)
    at async CandidateService.getAllCandidates (C:\Users\LENOVO\OneDrive\Documents\KRMU\NIKUNJ\Bootcamp2026\HireLoop-Ai\backend\src\services\candidate.service.ts:19:12)
    at async getAllCandidates (C:\Users\LENOVO\OneDrive\Documents\KRMU\NIKUNJ\Bootcamp2026\HireLoop-Ai\backend\src\controllers\candidate.controller.ts:12:26)\n\n2026-07-18T18:58:01.956Z\nPrismaClientKnownRequestError: 
Invalid `prisma.candidate.findMany()` invocation in
C:\Users\LENOVO\OneDrive\Documents\KRMU\NIKUNJ\Bootcamp2026\HireLoop-Ai\backend\src\services\candidate.service.ts:19:35

  16 
  17 export class CandidateService {
  18   async getAllCandidates(hrId: string) {
→ 19     return await prisma.candidate.findMany(
The column `Candidate.userId` does not exist in the current database.
    at In.handleRequestError (C:\Users\LENOVO\OneDrive\Documents\KRMU\NIKUNJ\Bootcamp2026\HireLoop-Ai\backend\node_modules\@prisma\client\runtime\library.js:122:6877)
    at In.handleAndLogRequestError (C:\Users\LENOVO\OneDrive\Documents\KRMU\NIKUNJ\Bootcamp2026\HireLoop-Ai\backend\node_modules\@prisma\client\runtime\library.js:122:6211)
    at In.request (C:\Users\LENOVO\OneDrive\Documents\KRMU\NIKUNJ\Bootcamp2026\HireLoop-Ai\backend\node_modules\@prisma\client\runtime\library.js:122:5919)
    at async l (C:\Users\LENOVO\OneDrive\Documents\KRMU\NIKUNJ\Bootcamp2026\HireLoop-Ai\backend\node_modules\@prisma\client\runtime\library.js:127:11167)
    at async CandidateService.getAllCandidates (C:\Users\LENOVO\OneDrive\Documents\KRMU\NIKUNJ\Bootcamp2026\HireLoop-Ai\backend\src\services\candidate.service.ts:19:12)
    at async getAllCandidates (C:\Users\LENOVO\OneDrive\Documents\KRMU\NIKUNJ\Bootcamp2026\HireLoop-Ai\backend\src\controllers\candidate.controller.ts:12:26)\n\n2026-07-18T18:58:02.647Z\nPrismaClientKnownRequestError: 
Invalid `prisma.candidate.findMany()` invocation in
C:\Users\LENOVO\OneDrive\Documents\KRMU\NIKUNJ\Bootcamp2026\HireLoop-Ai\backend\src\services\candidate.service.ts:19:35

  16 
  17 export class CandidateService {
  18   async getAllCandidates(hrId: string) {
→ 19     return await prisma.candidate.findMany(
The column `Candidate.userId` does not exist in the current database.
    at In.handleRequestError (C:\Users\LENOVO\OneDrive\Documents\KRMU\NIKUNJ\Bootcamp2026\HireLoop-Ai\backend\node_modules\@prisma\client\runtime\library.js:122:6877)
    at In.handleAndLogRequestError (C:\Users\LENOVO\OneDrive\Documents\KRMU\NIKUNJ\Bootcamp2026\HireLoop-Ai\backend\node_modules\@prisma\client\runtime\library.js:122:6211)
    at In.request (C:\Users\LENOVO\OneDrive\Documents\KRMU\NIKUNJ\Bootcamp2026\HireLoop-Ai\backend\node_modules\@prisma\client\runtime\library.js:122:5919)
    at async l (C:\Users\LENOVO\OneDrive\Documents\KRMU\NIKUNJ\Bootcamp2026\HireLoop-Ai\backend\node_modules\@prisma\client\runtime\library.js:127:11167)
    at async CandidateService.getAllCandidates (C:\Users\LENOVO\OneDrive\Documents\KRMU\NIKUNJ\Bootcamp2026\HireLoop-Ai\backend\src\services\candidate.service.ts:19:12)
    at async getAllCandidates (C:\Users\LENOVO\OneDrive\Documents\KRMU\NIKUNJ\Bootcamp2026\HireLoop-Ai\backend\src\controllers\candidate.controller.ts:12:26)\n\n2026-07-18T18:58:28.066Z\nPrismaClientKnownRequestError: 
Invalid `prisma.candidate.findMany()` invocation in
C:\Users\LENOVO\OneDrive\Documents\KRMU\NIKUNJ\Bootcamp2026\HireLoop-Ai\backend\src\services\candidate.service.ts:19:35

  16 
  17 export class CandidateService {
  18   async getAllCandidates(hrId: string) {
→ 19     return await prisma.candidate.findMany(
The column `Candidate.userId` does not exist in the current database.
    at In.handleRequestError (C:\Users\LENOVO\OneDrive\Documents\KRMU\NIKUNJ\Bootcamp2026\HireLoop-Ai\backend\node_modules\@prisma\client\runtime\library.js:122:6877)
    at In.handleAndLogRequestError (C:\Users\LENOVO\OneDrive\Documents\KRMU\NIKUNJ\Bootcamp2026\HireLoop-Ai\backend\node_modules\@prisma\client\runtime\library.js:122:6211)
    at In.request (C:\Users\LENOVO\OneDrive\Documents\KRMU\NIKUNJ\Bootcamp2026\HireLoop-Ai\backend\node_modules\@prisma\client\runtime\library.js:122:5919)
    at async l (C:\Users\LENOVO\OneDrive\Documents\KRMU\NIKUNJ\Bootcamp2026\HireLoop-Ai\backend\node_modules\@prisma\client\runtime\library.js:127:11167)
    at async CandidateService.getAllCandidates (C:\Users\LENOVO\OneDrive\Documents\KRMU\NIKUNJ\Bootcamp2026\HireLoop-Ai\backend\src\services\candidate.service.ts:19:12)
    at async getAllCandidates (C:\Users\LENOVO\OneDrive\Documents\KRMU\NIKUNJ\Bootcamp2026\HireLoop-Ai\backend\src\controllers\candidate.controller.ts:12:26)\n\n2026-07-18T18:58:28.759Z\nPrismaClientKnownRequestError: 
Invalid `prisma.candidate.findMany()` invocation in
C:\Users\LENOVO\OneDrive\Documents\KRMU\NIKUNJ\Bootcamp2026\HireLoop-Ai\backend\src\services\candidate.service.ts:19:35

  16 
  17 export class CandidateService {
  18   async getAllCandidates(hrId: string) {
→ 19     return await prisma.candidate.findMany(
The column `Candidate.userId` does not exist in the current database.
    at In.handleRequestError (C:\Users\LENOVO\OneDrive\Documents\KRMU\NIKUNJ\Bootcamp2026\HireLoop-Ai\backend\node_modules\@prisma\client\runtime\library.js:122:6877)
    at In.handleAndLogRequestError (C:\Users\LENOVO\OneDrive\Documents\KRMU\NIKUNJ\Bootcamp2026\HireLoop-Ai\backend\node_modules\@prisma\client\runtime\library.js:122:6211)
    at In.request (C:\Users\LENOVO\OneDrive\Documents\KRMU\NIKUNJ\Bootcamp2026\HireLoop-Ai\backend\node_modules\@prisma\client\runtime\library.js:122:5919)
    at async l (C:\Users\LENOVO\OneDrive\Documents\KRMU\NIKUNJ\Bootcamp2026\HireLoop-Ai\backend\node_modules\@prisma\client\runtime\library.js:127:11167)
    at async CandidateService.getAllCandidates (C:\Users\LENOVO\OneDrive\Documents\KRMU\NIKUNJ\Bootcamp2026\HireLoop-Ai\backend\src\services\candidate.service.ts:19:12)
    at async getAllCandidates (C:\Users\LENOVO\OneDrive\Documents\KRMU\NIKUNJ\Bootcamp2026\HireLoop-Ai\backend\src\controllers\candidate.controller.ts:12:26)\n\n2026-07-18T19:00:21.782Z\nPrismaClientKnownRequestError: 
Invalid `prisma.candidate.findMany()` invocation in
C:\Users\LENOVO\OneDrive\Documents\KRMU\NIKUNJ\Bootcamp2026\HireLoop-Ai\backend\src\services\candidate.service.ts:19:35

  16 
  17 export class CandidateService {
  18   async getAllCandidates(hrId: string) {
→ 19     return await prisma.candidate.findMany(
The column `Candidate.userId` does not exist in the current database.
    at In.handleRequestError (C:\Users\LENOVO\OneDrive\Documents\KRMU\NIKUNJ\Bootcamp2026\HireLoop-Ai\backend\node_modules\@prisma\client\runtime\library.js:122:6877)
    at In.handleAndLogRequestError (C:\Users\LENOVO\OneDrive\Documents\KRMU\NIKUNJ\Bootcamp2026\HireLoop-Ai\backend\node_modules\@prisma\client\runtime\library.js:122:6211)
    at In.request (C:\Users\LENOVO\OneDrive\Documents\KRMU\NIKUNJ\Bootcamp2026\HireLoop-Ai\backend\node_modules\@prisma\client\runtime\library.js:122:5919)
    at async l (C:\Users\LENOVO\OneDrive\Documents\KRMU\NIKUNJ\Bootcamp2026\HireLoop-Ai\backend\node_modules\@prisma\client\runtime\library.js:127:11167)
    at async CandidateService.getAllCandidates (C:\Users\LENOVO\OneDrive\Documents\KRMU\NIKUNJ\Bootcamp2026\HireLoop-Ai\backend\src\services\candidate.service.ts:19:12)
    at async getAllCandidates (C:\Users\LENOVO\OneDrive\Documents\KRMU\NIKUNJ\Bootcamp2026\HireLoop-Ai\backend\src\controllers\candidate.controller.ts:12:26)\n\n2026-07-18T19:00:22.478Z\nPrismaClientKnownRequestError: 
Invalid `prisma.candidate.findMany()` invocation in
C:\Users\LENOVO\OneDrive\Documents\KRMU\NIKUNJ\Bootcamp2026\HireLoop-Ai\backend\src\services\candidate.service.ts:19:35

  16 
  17 export class CandidateService {
  18   async getAllCandidates(hrId: string) {
→ 19     return await prisma.candidate.findMany(
The column `Candidate.userId` does not exist in the current database.
    at In.handleRequestError (C:\Users\LENOVO\OneDrive\Documents\KRMU\NIKUNJ\Bootcamp2026\HireLoop-Ai\backend\node_modules\@prisma\client\runtime\library.js:122:6877)
    at In.handleAndLogRequestError (C:\Users\LENOVO\OneDrive\Documents\KRMU\NIKUNJ\Bootcamp2026\HireLoop-Ai\backend\node_modules\@prisma\client\runtime\library.js:122:6211)
    at In.request (C:\Users\LENOVO\OneDrive\Documents\KRMU\NIKUNJ\Bootcamp2026\HireLoop-Ai\backend\node_modules\@prisma\client\runtime\library.js:122:5919)
    at async l (C:\Users\LENOVO\OneDrive\Documents\KRMU\NIKUNJ\Bootcamp2026\HireLoop-Ai\backend\node_modules\@prisma\client\runtime\library.js:127:11167)
    at async CandidateService.getAllCandidates (C:\Users\LENOVO\OneDrive\Documents\KRMU\NIKUNJ\Bootcamp2026\HireLoop-Ai\backend\src\services\candidate.service.ts:19:12)
    at async getAllCandidates (C:\Users\LENOVO\OneDrive\Documents\KRMU\NIKUNJ\Bootcamp2026\HireLoop-Ai\backend\src\controllers\candidate.controller.ts:12:26)\n\n2026-07-18T19:01:48.466Z\nPrismaClientKnownRequestError: 
Invalid `prisma.candidate.findMany()` invocation in
C:\Users\LENOVO\OneDrive\Documents\KRMU\NIKUNJ\Bootcamp2026\HireLoop-Ai\backend\src\services\candidate.service.ts:19:35

  16 
  17 export class CandidateService {
  18   async getAllCandidates(hrId: string) {
→ 19     return await prisma.candidate.findMany(
The column `Candidate.userId` does not exist in the current database.
    at In.handleRequestError (C:\Users\LENOVO\OneDrive\Documents\KRMU\NIKUNJ\Bootcamp2026\HireLoop-Ai\backend\node_modules\@prisma\client\runtime\library.js:122:6877)
    at In.handleAndLogRequestError (C:\Users\LENOVO\OneDrive\Documents\KRMU\NIKUNJ\Bootcamp2026\HireLoop-Ai\backend\node_modules\@prisma\client\runtime\library.js:122:6211)
    at In.request (C:\Users\LENOVO\OneDrive\Documents\KRMU\NIKUNJ\Bootcamp2026\HireLoop-Ai\backend\node_modules\@prisma\client\runtime\library.js:122:5919)
    at async l (C:\Users\LENOVO\OneDrive\Documents\KRMU\NIKUNJ\Bootcamp2026\HireLoop-Ai\backend\node_modules\@prisma\client\runtime\library.js:127:11167)
    at async CandidateService.getAllCandidates (C:\Users\LENOVO\OneDrive\Documents\KRMU\NIKUNJ\Bootcamp2026\HireLoop-Ai\backend\src\services\candidate.service.ts:19:12)
    at async getAllCandidates (C:\Users\LENOVO\OneDrive\Documents\KRMU\NIKUNJ\Bootcamp2026\HireLoop-Ai\backend\src\controllers\candidate.controller.ts:12:26)\n\n2026-07-18T19:01:50.020Z\nPrismaClientKnownRequestError: 
Invalid `prisma.candidate.findMany()` invocation in
C:\Users\LENOVO\OneDrive\Documents\KRMU\NIKUNJ\Bootcamp2026\HireLoop-Ai\backend\src\services\candidate.service.ts:19:35

  16 
  17 export class CandidateService {
  18   async getAllCandidates(hrId: string) {
→ 19     return await prisma.candidate.findMany(
The column `Candidate.userId` does not exist in the current database.
    at In.handleRequestError (C:\Users\LENOVO\OneDrive\Documents\KRMU\NIKUNJ\Bootcamp2026\HireLoop-Ai\backend\node_modules\@prisma\client\runtime\library.js:122:6877)
    at In.handleAndLogRequestError (C:\Users\LENOVO\OneDrive\Documents\KRMU\NIKUNJ\Bootcamp2026\HireLoop-Ai\backend\node_modules\@prisma\client\runtime\library.js:122:6211)
    at In.request (C:\Users\LENOVO\OneDrive\Documents\KRMU\NIKUNJ\Bootcamp2026\HireLoop-Ai\backend\node_modules\@prisma\client\runtime\library.js:122:5919)
    at async l (C:\Users\LENOVO\OneDrive\Documents\KRMU\NIKUNJ\Bootcamp2026\HireLoop-Ai\backend\node_modules\@prisma\client\runtime\library.js:127:11167)
    at async CandidateService.getAllCandidates (C:\Users\LENOVO\OneDrive\Documents\KRMU\NIKUNJ\Bootcamp2026\HireLoop-Ai\backend\src\services\candidate.service.ts:19:12)
    at async getAllCandidates (C:\Users\LENOVO\OneDrive\Documents\KRMU\NIKUNJ\Bootcamp2026\HireLoop-Ai\backend\src\controllers\candidate.controller.ts:12:26)\n\n2026-07-18T19:02:01.427Z\nPrismaClientKnownRequestError: 
Invalid `prisma.candidate.findMany()` invocation in
C:\Users\LENOVO\OneDrive\Documents\KRMU\NIKUNJ\Bootcamp2026\HireLoop-Ai\backend\src\services\candidate.service.ts:19:35

  16 
  17 export class CandidateService {
  18   async getAllCandidates(hrId: string) {
→ 19     return await prisma.candidate.findMany(
The column `Candidate.userId` does not exist in the current database.
    at In.handleRequestError (C:\Users\LENOVO\OneDrive\Documents\KRMU\NIKUNJ\Bootcamp2026\HireLoop-Ai\backend\node_modules\@prisma\client\runtime\library.js:122:6877)
    at In.handleAndLogRequestError (C:\Users\LENOVO\OneDrive\Documents\KRMU\NIKUNJ\Bootcamp2026\HireLoop-Ai\backend\node_modules\@prisma\client\runtime\library.js:122:6211)
    at In.request (C:\Users\LENOVO\OneDrive\Documents\KRMU\NIKUNJ\Bootcamp2026\HireLoop-Ai\backend\node_modules\@prisma\client\runtime\library.js:122:5919)
    at async l (C:\Users\LENOVO\OneDrive\Documents\KRMU\NIKUNJ\Bootcamp2026\HireLoop-Ai\backend\node_modules\@prisma\client\runtime\library.js:127:11167)
    at async CandidateService.getAllCandidates (C:\Users\LENOVO\OneDrive\Documents\KRMU\NIKUNJ\Bootcamp2026\HireLoop-Ai\backend\src\services\candidate.service.ts:19:12)
    at async getAllCandidates (C:\Users\LENOVO\OneDrive\Documents\KRMU\NIKUNJ\Bootcamp2026\HireLoop-Ai\backend\src\controllers\candidate.controller.ts:12:26)\n\n2026-07-18T19:02:02.264Z\nPrismaClientKnownRequestError: 
Invalid `prisma.candidate.findMany()` invocation in
C:\Users\LENOVO\OneDrive\Documents\KRMU\NIKUNJ\Bootcamp2026\HireLoop-Ai\backend\src\services\candidate.service.ts:19:35

  16 
  17 export class CandidateService {
  18   async getAllCandidates(hrId: string) {
→ 19     return await prisma.candidate.findMany(
The column `Candidate.userId` does not exist in the current database.
    at In.handleRequestError (C:\Users\LENOVO\OneDrive\Documents\KRMU\NIKUNJ\Bootcamp2026\HireLoop-Ai\backend\node_modules\@prisma\client\runtime\library.js:122:6877)
    at In.handleAndLogRequestError (C:\Users\LENOVO\OneDrive\Documents\KRMU\NIKUNJ\Bootcamp2026\HireLoop-Ai\backend\node_modules\@prisma\client\runtime\library.js:122:6211)
    at In.request (C:\Users\LENOVO\OneDrive\Documents\KRMU\NIKUNJ\Bootcamp2026\HireLoop-Ai\backend\node_modules\@prisma\client\runtime\library.js:122:5919)
    at async l (C:\Users\LENOVO\OneDrive\Documents\KRMU\NIKUNJ\Bootcamp2026\HireLoop-Ai\backend\node_modules\@prisma\client\runtime\library.js:127:11167)
    at async CandidateService.getAllCandidates (C:\Users\LENOVO\OneDrive\Documents\KRMU\NIKUNJ\Bootcamp2026\HireLoop-Ai\backend\src\services\candidate.service.ts:19:12)
    at async getAllCandidates (C:\Users\LENOVO\OneDrive\Documents\KRMU\NIKUNJ\Bootcamp2026\HireLoop-Ai\backend\src\controllers\candidate.controller.ts:12:26)\n\n2026-07-18T19:04:44.284Z\nPrismaClientKnownRequestError: 
Invalid `prisma.candidate.findMany()` invocation in
C:\Users\LENOVO\OneDrive\Documents\KRMU\NIKUNJ\Bootcamp2026\HireLoop-Ai\backend\src\services\candidate.service.ts:19:35

  16 
  17 export class CandidateService {
  18   async getAllCandidates(hrId: string) {
→ 19     return await prisma.candidate.findMany(
The column `Candidate.userId` does not exist in the current database.
    at In.handleRequestError (C:\Users\LENOVO\OneDrive\Documents\KRMU\NIKUNJ\Bootcamp2026\HireLoop-Ai\backend\node_modules\@prisma\client\runtime\library.js:122:6877)
    at In.handleAndLogRequestError (C:\Users\LENOVO\OneDrive\Documents\KRMU\NIKUNJ\Bootcamp2026\HireLoop-Ai\backend\node_modules\@prisma\client\runtime\library.js:122:6211)
    at In.request (C:\Users\LENOVO\OneDrive\Documents\KRMU\NIKUNJ\Bootcamp2026\HireLoop-Ai\backend\node_modules\@prisma\client\runtime\library.js:122:5919)
    at async l (C:\Users\LENOVO\OneDrive\Documents\KRMU\NIKUNJ\Bootcamp2026\HireLoop-Ai\backend\node_modules\@prisma\client\runtime\library.js:127:11167)
    at async CandidateService.getAllCandidates (C:\Users\LENOVO\OneDrive\Documents\KRMU\NIKUNJ\Bootcamp2026\HireLoop-Ai\backend\src\services\candidate.service.ts:19:12)
    at async getAllCandidates (C:\Users\LENOVO\OneDrive\Documents\KRMU\NIKUNJ\Bootcamp2026\HireLoop-Ai\backend\src\controllers\candidate.controller.ts:12:26)\n\n2026-07-18T19:04:45.076Z\nPrismaClientKnownRequestError: 
Invalid `prisma.candidate.findMany()` invocation in
C:\Users\LENOVO\OneDrive\Documents\KRMU\NIKUNJ\Bootcamp2026\HireLoop-Ai\backend\src\services\candidate.service.ts:19:35

  16 
  17 export class CandidateService {
  18   async getAllCandidates(hrId: string) {
→ 19     return await prisma.candidate.findMany(
The column `Candidate.userId` does not exist in the current database.
    at In.handleRequestError (C:\Users\LENOVO\OneDrive\Documents\KRMU\NIKUNJ\Bootcamp2026\HireLoop-Ai\backend\node_modules\@prisma\client\runtime\library.js:122:6877)
    at In.handleAndLogRequestError (C:\Users\LENOVO\OneDrive\Documents\KRMU\NIKUNJ\Bootcamp2026\HireLoop-Ai\backend\node_modules\@prisma\client\runtime\library.js:122:6211)
    at In.request (C:\Users\LENOVO\OneDrive\Documents\KRMU\NIKUNJ\Bootcamp2026\HireLoop-Ai\backend\node_modules\@prisma\client\runtime\library.js:122:5919)
    at async l (C:\Users\LENOVO\OneDrive\Documents\KRMU\NIKUNJ\Bootcamp2026\HireLoop-Ai\backend\node_modules\@prisma\client\runtime\library.js:127:11167)
    at async CandidateService.getAllCandidates (C:\Users\LENOVO\OneDrive\Documents\KRMU\NIKUNJ\Bootcamp2026\HireLoop-Ai\backend\src\services\candidate.service.ts:19:12)
    at async getAllCandidates (C:\Users\LENOVO\OneDrive\Documents\KRMU\NIKUNJ\Bootcamp2026\HireLoop-Ai\backend\src\controllers\candidate.controller.ts:12:26)\n\n2026-07-18T19:04:48.368Z\nPrismaClientKnownRequestError: 
Invalid `prisma.candidate.findMany()` invocation in
C:\Users\LENOVO\OneDrive\Documents\KRMU\NIKUNJ\Bootcamp2026\HireLoop-Ai\backend\src\services\candidate.service.ts:19:35

  16 
  17 export class CandidateService {
  18   async getAllCandidates(hrId: string) {
→ 19     return await prisma.candidate.findMany(
The column `Candidate.userId` does not exist in the current database.
    at In.handleRequestError (C:\Users\LENOVO\OneDrive\Documents\KRMU\NIKUNJ\Bootcamp2026\HireLoop-Ai\backend\node_modules\@prisma\client\runtime\library.js:122:6877)
    at In.handleAndLogRequestError (C:\Users\LENOVO\OneDrive\Documents\KRMU\NIKUNJ\Bootcamp2026\HireLoop-Ai\backend\node_modules\@prisma\client\runtime\library.js:122:6211)
    at In.request (C:\Users\LENOVO\OneDrive\Documents\KRMU\NIKUNJ\Bootcamp2026\HireLoop-Ai\backend\node_modules\@prisma\client\runtime\library.js:122:5919)
    at async l (C:\Users\LENOVO\OneDrive\Documents\KRMU\NIKUNJ\Bootcamp2026\HireLoop-Ai\backend\node_modules\@prisma\client\runtime\library.js:127:11167)
    at async CandidateService.getAllCandidates (C:\Users\LENOVO\OneDrive\Documents\KRMU\NIKUNJ\Bootcamp2026\HireLoop-Ai\backend\src\services\candidate.service.ts:19:12)
    at async getAllCandidates (C:\Users\LENOVO\OneDrive\Documents\KRMU\NIKUNJ\Bootcamp2026\HireLoop-Ai\backend\src\controllers\candidate.controller.ts:12:26)\n\n2026-07-18T19:04:49.009Z\nPrismaClientKnownRequestError: 
Invalid `prisma.candidate.findMany()` invocation in
C:\Users\LENOVO\OneDrive\Documents\KRMU\NIKUNJ\Bootcamp2026\HireLoop-Ai\backend\src\services\candidate.service.ts:19:35

  16 
  17 export class CandidateService {
  18   async getAllCandidates(hrId: string) {
→ 19     return await prisma.candidate.findMany(
The column `Candidate.userId` does not exist in the current database.
    at In.handleRequestError (C:\Users\LENOVO\OneDrive\Documents\KRMU\NIKUNJ\Bootcamp2026\HireLoop-Ai\backend\node_modules\@prisma\client\runtime\library.js:122:6877)
    at In.handleAndLogRequestError (C:\Users\LENOVO\OneDrive\Documents\KRMU\NIKUNJ\Bootcamp2026\HireLoop-Ai\backend\node_modules\@prisma\client\runtime\library.js:122:6211)
    at In.request (C:\Users\LENOVO\OneDrive\Documents\KRMU\NIKUNJ\Bootcamp2026\HireLoop-Ai\backend\node_modules\@prisma\client\runtime\library.js:122:5919)
    at async l (C:\Users\LENOVO\OneDrive\Documents\KRMU\NIKUNJ\Bootcamp2026\HireLoop-Ai\backend\node_modules\@prisma\client\runtime\library.js:127:11167)
    at async CandidateService.getAllCandidates (C:\Users\LENOVO\OneDrive\Documents\KRMU\NIKUNJ\Bootcamp2026\HireLoop-Ai\backend\src\services\candidate.service.ts:19:12)
    at async getAllCandidates (C:\Users\LENOVO\OneDrive\Documents\KRMU\NIKUNJ\Bootcamp2026\HireLoop-Ai\backend\src\controllers\candidate.controller.ts:12:26)\n\n2026-07-18T19:06:59.028Z\nPrismaClientKnownRequestError: 
Invalid `prisma.candidate.findMany()` invocation in
C:\Users\LENOVO\OneDrive\Documents\KRMU\NIKUNJ\Bootcamp2026\HireLoop-Ai\backend\src\services\candidate.service.ts:19:35

  16 
  17 export class CandidateService {
  18   async getAllCandidates(hrId: string) {
→ 19     return await prisma.candidate.findMany(
The column `Candidate.userId` does not exist in the current database.
    at In.handleRequestError (C:\Users\LENOVO\OneDrive\Documents\KRMU\NIKUNJ\Bootcamp2026\HireLoop-Ai\backend\node_modules\@prisma\client\runtime\library.js:122:6877)
    at In.handleAndLogRequestError (C:\Users\LENOVO\OneDrive\Documents\KRMU\NIKUNJ\Bootcamp2026\HireLoop-Ai\backend\node_modules\@prisma\client\runtime\library.js:122:6211)
    at In.request (C:\Users\LENOVO\OneDrive\Documents\KRMU\NIKUNJ\Bootcamp2026\HireLoop-Ai\backend\node_modules\@prisma\client\runtime\library.js:122:5919)
    at async l (C:\Users\LENOVO\OneDrive\Documents\KRMU\NIKUNJ\Bootcamp2026\HireLoop-Ai\backend\node_modules\@prisma\client\runtime\library.js:127:11167)
    at async CandidateService.getAllCandidates (C:\Users\LENOVO\OneDrive\Documents\KRMU\NIKUNJ\Bootcamp2026\HireLoop-Ai\backend\src\services\candidate.service.ts:19:12)
    at async getAllCandidates (C:\Users\LENOVO\OneDrive\Documents\KRMU\NIKUNJ\Bootcamp2026\HireLoop-Ai\backend\src\controllers\candidate.controller.ts:12:26)\n\n2026-07-18T19:06:59.658Z\nPrismaClientKnownRequestError: 
Invalid `prisma.candidate.findMany()` invocation in
C:\Users\LENOVO\OneDrive\Documents\KRMU\NIKUNJ\Bootcamp2026\HireLoop-Ai\backend\src\services\candidate.service.ts:19:35

  16 
  17 export class CandidateService {
  18   async getAllCandidates(hrId: string) {
→ 19     return await prisma.candidate.findMany(
The column `Candidate.userId` does not exist in the current database.
    at In.handleRequestError (C:\Users\LENOVO\OneDrive\Documents\KRMU\NIKUNJ\Bootcamp2026\HireLoop-Ai\backend\node_modules\@prisma\client\runtime\library.js:122:6877)
    at In.handleAndLogRequestError (C:\Users\LENOVO\OneDrive\Documents\KRMU\NIKUNJ\Bootcamp2026\HireLoop-Ai\backend\node_modules\@prisma\client\runtime\library.js:122:6211)
    at In.request (C:\Users\LENOVO\OneDrive\Documents\KRMU\NIKUNJ\Bootcamp2026\HireLoop-Ai\backend\node_modules\@prisma\client\runtime\library.js:122:5919)
    at async l (C:\Users\LENOVO\OneDrive\Documents\KRMU\NIKUNJ\Bootcamp2026\HireLoop-Ai\backend\node_modules\@prisma\client\runtime\library.js:127:11167)
    at async CandidateService.getAllCandidates (C:\Users\LENOVO\OneDrive\Documents\KRMU\NIKUNJ\Bootcamp2026\HireLoop-Ai\backend\src\services\candidate.service.ts:19:12)
    at async getAllCandidates (C:\Users\LENOVO\OneDrive\Documents\KRMU\NIKUNJ\Bootcamp2026\HireLoop-Ai\backend\src\controllers\candidate.controller.ts:12:26)\n\n2026-07-18T19:09:40.651Z\nPrismaClientKnownRequestError: 
Invalid `prisma.candidate.findMany()` invocation in
C:\Users\LENOVO\OneDrive\Documents\KRMU\NIKUNJ\Bootcamp2026\HireLoop-Ai\backend\src\services\candidate.service.ts:19:35

  16 
  17 export class CandidateService {
  18   async getAllCandidates(hrId: string) {
→ 19     return await prisma.candidate.findMany(
The column `Candidate.userId` does not exist in the current database.
    at In.handleRequestError (C:\Users\LENOVO\OneDrive\Documents\KRMU\NIKUNJ\Bootcamp2026\HireLoop-Ai\backend\node_modules\@prisma\client\runtime\library.js:122:6877)
    at In.handleAndLogRequestError (C:\Users\LENOVO\OneDrive\Documents\KRMU\NIKUNJ\Bootcamp2026\HireLoop-Ai\backend\node_modules\@prisma\client\runtime\library.js:122:6211)
    at In.request (C:\Users\LENOVO\OneDrive\Documents\KRMU\NIKUNJ\Bootcamp2026\HireLoop-Ai\backend\node_modules\@prisma\client\runtime\library.js:122:5919)
    at async l (C:\Users\LENOVO\OneDrive\Documents\KRMU\NIKUNJ\Bootcamp2026\HireLoop-Ai\backend\node_modules\@prisma\client\runtime\library.js:127:11167)
    at async CandidateService.getAllCandidates (C:\Users\LENOVO\OneDrive\Documents\KRMU\NIKUNJ\Bootcamp2026\HireLoop-Ai\backend\src\services\candidate.service.ts:19:12)
    at async getAllCandidates (C:\Users\LENOVO\OneDrive\Documents\KRMU\NIKUNJ\Bootcamp2026\HireLoop-Ai\backend\src\controllers\candidate.controller.ts:12:26)\n\n2026-07-18T19:09:42.299Z\nPrismaClientKnownRequestError: 
Invalid `prisma.candidate.findMany()` invocation in
C:\Users\LENOVO\OneDrive\Documents\KRMU\NIKUNJ\Bootcamp2026\HireLoop-Ai\backend\src\services\candidate.service.ts:19:35

  16 
  17 export class CandidateService {
  18   async getAllCandidates(hrId: string) {
→ 19     return await prisma.candidate.findMany(
The column `Candidate.userId` does not exist in the current database.
    at In.handleRequestError (C:\Users\LENOVO\OneDrive\Documents\KRMU\NIKUNJ\Bootcamp2026\HireLoop-Ai\backend\node_modules\@prisma\client\runtime\library.js:122:6877)
    at In.handleAndLogRequestError (C:\Users\LENOVO\OneDrive\Documents\KRMU\NIKUNJ\Bootcamp2026\HireLoop-Ai\backend\node_modules\@prisma\client\runtime\library.js:122:6211)
    at In.request (C:\Users\LENOVO\OneDrive\Documents\KRMU\NIKUNJ\Bootcamp2026\HireLoop-Ai\backend\node_modules\@prisma\client\runtime\library.js:122:5919)
    at async l (C:\Users\LENOVO\OneDrive\Documents\KRMU\NIKUNJ\Bootcamp2026\HireLoop-Ai\backend\node_modules\@prisma\client\runtime\library.js:127:11167)
    at async CandidateService.getAllCandidates (C:\Users\LENOVO\OneDrive\Documents\KRMU\NIKUNJ\Bootcamp2026\HireLoop-Ai\backend\src\services\candidate.service.ts:19:12)
    at async getAllCandidates (C:\Users\LENOVO\OneDrive\Documents\KRMU\NIKUNJ\Bootcamp2026\HireLoop-Ai\backend\src\controllers\candidate.controller.ts:12:26)\n\n2026-07-18T19:11:41.522Z\nPrismaClientKnownRequestError: 
Invalid `prisma.candidate.findMany()` invocation in
C:\Users\LENOVO\OneDrive\Documents\KRMU\NIKUNJ\Bootcamp2026\HireLoop-Ai\backend\src\services\candidate.service.ts:19:35

  16 
  17 export class CandidateService {
  18   async getAllCandidates(hrId: string) {
→ 19     return await prisma.candidate.findMany(
The column `Candidate.userId` does not exist in the current database.
    at In.handleRequestError (C:\Users\LENOVO\OneDrive\Documents\KRMU\NIKUNJ\Bootcamp2026\HireLoop-Ai\backend\node_modules\@prisma\client\runtime\library.js:122:6877)
    at In.handleAndLogRequestError (C:\Users\LENOVO\OneDrive\Documents\KRMU\NIKUNJ\Bootcamp2026\HireLoop-Ai\backend\node_modules\@prisma\client\runtime\library.js:122:6211)
    at In.request (C:\Users\LENOVO\OneDrive\Documents\KRMU\NIKUNJ\Bootcamp2026\HireLoop-Ai\backend\node_modules\@prisma\client\runtime\library.js:122:5919)
    at async l (C:\Users\LENOVO\OneDrive\Documents\KRMU\NIKUNJ\Bootcamp2026\HireLoop-Ai\backend\node_modules\@prisma\client\runtime\library.js:127:11167)
    at async CandidateService.getAllCandidates (C:\Users\LENOVO\OneDrive\Documents\KRMU\NIKUNJ\Bootcamp2026\HireLoop-Ai\backend\src\services\candidate.service.ts:19:12)
    at async getAllCandidates (C:\Users\LENOVO\OneDrive\Documents\KRMU\NIKUNJ\Bootcamp2026\HireLoop-Ai\backend\src\controllers\candidate.controller.ts:12:26)\n\n2026-07-18T19:11:43.086Z\nPrismaClientKnownRequestError: 
Invalid `prisma.candidate.findMany()` invocation in
C:\Users\LENOVO\OneDrive\Documents\KRMU\NIKUNJ\Bootcamp2026\HireLoop-Ai\backend\src\services\candidate.service.ts:19:35

  16 
  17 export class CandidateService {
  18   async getAllCandidates(hrId: string) {
→ 19     return await prisma.candidate.findMany(
The column `Candidate.userId` does not exist in the current database.
    at In.handleRequestError (C:\Users\LENOVO\OneDrive\Documents\KRMU\NIKUNJ\Bootcamp2026\HireLoop-Ai\backend\node_modules\@prisma\client\runtime\library.js:122:6877)
    at In.handleAndLogRequestError (C:\Users\LENOVO\OneDrive\Documents\KRMU\NIKUNJ\Bootcamp2026\HireLoop-Ai\backend\node_modules\@prisma\client\runtime\library.js:122:6211)
    at In.request (C:\Users\LENOVO\OneDrive\Documents\KRMU\NIKUNJ\Bootcamp2026\HireLoop-Ai\backend\node_modules\@prisma\client\runtime\library.js:122:5919)
    at async l (C:\Users\LENOVO\OneDrive\Documents\KRMU\NIKUNJ\Bootcamp2026\HireLoop-Ai\backend\node_modules\@prisma\client\runtime\library.js:127:11167)
    at async CandidateService.getAllCandidates (C:\Users\LENOVO\OneDrive\Documents\KRMU\NIKUNJ\Bootcamp2026\HireLoop-Ai\backend\src\services\candidate.service.ts:19:12)
    at async getAllCandidates (C:\Users\LENOVO\OneDrive\Documents\KRMU\NIKUNJ\Bootcamp2026\HireLoop-Ai\backend\src\controllers\candidate.controller.ts:12:26)\n\n2026-07-18T19:11:52.571Z\nPrismaClientKnownRequestError: 
Invalid `prisma.candidate.upsert()` invocation in
C:\Users\LENOVO\OneDrive\Documents\KRMU\NIKUNJ\Bootcamp2026\HireLoop-Ai\backend\src\services\resume.service.ts:118:48

  115 }
  116 
  117 // Create or update the candidate in the talent pool
→ 118 const candidate = await prisma.candidate.upsert(
The column `userId` does not exist in the current database.
    at In.handleRequestError (C:\Users\LENOVO\OneDrive\Documents\KRMU\NIKUNJ\Bootcamp2026\HireLoop-Ai\backend\node_modules\@prisma\client\runtime\library.js:122:6877)
    at In.handleAndLogRequestError (C:\Users\LENOVO\OneDrive\Documents\KRMU\NIKUNJ\Bootcamp2026\HireLoop-Ai\backend\node_modules\@prisma\client\runtime\library.js:122:6211)
    at In.request (C:\Users\LENOVO\OneDrive\Documents\KRMU\NIKUNJ\Bootcamp2026\HireLoop-Ai\backend\node_modules\@prisma\client\runtime\library.js:122:5919)
    at async l (C:\Users\LENOVO\OneDrive\Documents\KRMU\NIKUNJ\Bootcamp2026\HireLoop-Ai\backend\node_modules\@prisma\client\runtime\library.js:127:11167)
    at async ResumeService.processResumes (C:\Users\LENOVO\OneDrive\Documents\KRMU\NIKUNJ\Bootcamp2026\HireLoop-Ai\backend\src\services\resume.service.ts:118:25)
    at async uploadResumes (C:\Users\LENOVO\OneDrive\Documents\KRMU\NIKUNJ\Bootcamp2026\HireLoop-Ai\backend\src\controllers\resume.controller.ts:33:22)\n\n